Using device: cuda
Loading data...
  train valid: 9976, val valid: 9957
Done.

d_model layers  d_ff epochs batch      lr      wd  mean_val  std_val
----------------------------------------------------------------------
/home/jpivarski/dsi/2026-06-16-transformer/scripts/full_transformer_search.py:165: UserWarning: enable_nested_tensor is True, but self.use_nested_tensor is False because encoder_layer.norm_first was True
  self.encoder = nn.TransformerEncoder(enc_layer, num_layers=num_layers)
/home/jpivarski/dsi/2026-06-16-transformer/scripts/full_transformer_search.py:165: UserWarning: enable_nested_tensor is True, but self.use_nested_tensor is False because encoder_layer.norm_first was True
  self.encoder = nn.TransformerEncoder(enc_layer, num_layers=num_layers)
     64      1   128    200   128   3e-03   5e-04    0.8150   0.0604 <<<
     16      1   256    200    64   1e-03   5e-04    0.8717   0.0259 <<<
     16      1    64    200   128   1e-03   0e+00    0.6683   0.1875
     64      2    64    400    64   3e-03   5e-04    0.8483   0.0249
     16      2   256    400   128   1e-03   0e+00    0.9217   0.0312 <<<
     16      2   256    100   128   1e-03   5e-04    0.8550   0.0187
     16      2   128    400    64   3e-03   0e+00    0.8850   0.0471
     16      1   256    400   128   3e-03   5e-04    0.8283   0.0278
     64      2    64    400    64   1e-03   5e-04    0.8233   0.0047
     16      1   256    100   128   1e-03   0e+00    0.9133   0.0249
     64      1   256    200    64   3e-03   0e+00    0.9000   0.0286
     32      2   256    200   128   3e-03   5e-04    0.8200   0.0294
     16      1   128    400   128   1e-03   0e+00    0.9083   0.0165
     64      1    64    200   128   3e-03   0e+00    0.8900   0.0187
     32      2    64    100    64   1e-03   0e+00    0.9050   0.0108
     16      1    64    400    64   1e-03   0e+00    0.6200   0.2086
     16      1    64    200   128   3e-03   5e-04    0.8100   0.0286
     16      1   128    400   128   3e-03   5e-04    0.8350   0.0334
     16      2   128    200   128   3e-03   5e-04    0.8367   0.0125
     16      2   128    400   128   3e-03   5e-04    0.8367   0.0125
     32      2   128    400    64   3e-03   0e+00    0.8817   0.0592
     64      1    64    400   128   1e-03   0e+00    0.9150   0.0147
     16      1    64    200   128   1e-03   5e-04    0.5917   0.1981
     32      2   256    400   128   3e-03   5e-04    0.8200   0.0294
     16      2   128    100   128   1e-03   5e-04    0.8450   0.0122
     64      2    64    100   128   3e-03   0e+00    0.8983   0.0249
     64      1   128    400   128   1e-03   0e+00    0.7300   0.2723
     64      1   256    400   128   3e-03   5e-04    0.8567   0.0266
     32      1   256    400   128   3e-03   0e+00    0.9033   0.0473
     16      2   128    400    64   1e-03   0e+00    0.9100   0.0216
     32      2    64    200   128   1e-03   5e-04    0.8433   0.0094
     64      1    64    200   128   1e-03   5e-04    0.8383   0.0165
     16      2   256    400   128   3e-03   0e+00    0.8867   0.0209
     64      2   256    100   128   3e-03   0e+00    0.8583   0.0504
     16      1    64    100    64   3e-03   5e-04    0.8517   0.0205
     64      2   128    100   128   1e-03   0e+00    0.9117   0.0094
     64      2   256    100   128   1e-03   0e+00    0.8683   0.0085
     16      2    64    200    64   1e-03   5e-04    0.8500   0.0178
     64      1   256    400   128   1e-03   5e-04    0.8500   0.0216
     32      1   128    100   128   3e-03   0e+00    0.9000   0.0187

Results saved to full_transformer_search_results.csv
